<?xml version="1.0" encoding="UTF-8"?>
<!-- Generated by org.testng.reporters.JUnitReportReporter -->
<testsuite hostname="DESKTOP-KK6D3DK" failures="0" tests="3" name="com.citis.testcases.LoginPageTest" time="40.341" errors="0" timestamp="24 Dec 2019 02:51:22 GMT" skipped="0">
  <testcase classname="com.citis.testcases.LoginPageTest" name="loginPageTitle" time="12.317"/>
  <testcase classname="com.citis.testcases.LoginPageTest" name="LogoimmageTest" time="11.723"/>
  <testcase classname="com.citis.testcases.LoginPageTest" name="loginTest" time="16.301"/>
</testsuite> <!-- com.citis.testcases.LoginPageTest -->
