<?xml version="1.0" encoding="UTF-8"?>
<!-- Generated by org.testng.reporters.JUnitReportReporter -->
<testsuite hostname="DESKTOP-KK6D3DK" failures="0" tests="3" name="com.citis.testcases.LoginPageTest" time="41.710" errors="0" timestamp="25 Dec 2019 14:08:58 GMT" skipped="0">
  <testcase classname="com.citis.testcases.LoginPageTest" name="loginPageTitle" time="14.400"/>
  <testcase classname="com.citis.testcases.LoginPageTest" name="LogoimmageTest" time="11.548"/>
  <testcase classname="com.citis.testcases.LoginPageTest" name="loginTest" time="15.762"/>
</testsuite> <!-- com.citis.testcases.LoginPageTest -->
