<?xml version="1.0" encoding="UTF-8"?>
<!-- Generated by org.testng.reporters.JUnitReportReporter -->
<testsuite hostname="DESKTOP-KK6D3DK" failures="0" tests="3" name="com.citis.testcases.LoginPageTest" time="41.159" errors="0" timestamp="24 Dec 2019 03:35:29 GMT" skipped="0">
  <testcase classname="com.citis.testcases.LoginPageTest" name="loginPageTitle" time="12.482"/>
  <testcase classname="com.citis.testcases.LoginPageTest" name="LogoimmageTest" time="13.273"/>
  <testcase classname="com.citis.testcases.LoginPageTest" name="loginTest" time="15.404"/>
</testsuite> <!-- com.citis.testcases.LoginPageTest -->
